[2021-03-01 12:14:06,273] DEBUG preRegister called. Server=com.sun.jmx.mbeanserver.JmxMBeanServer@66d3c617, name=log4j:logger=kafka.controller (kafka.controller)
[2021-03-01 12:14:18,316] INFO [ControllerEventThread controllerId=0] Starting (kafka.controller.ControllerEventManager$ControllerEventThread)
[2021-03-01 12:14:18,362] INFO [Controller id=0] 0 successfully elected as the controller. Epoch incremented to 5 and epoch zk version is now 5 (kafka.controller.KafkaController)
[2021-03-01 12:14:18,364] INFO [Controller id=0] Registering handlers (kafka.controller.KafkaController)
[2021-03-01 12:14:18,369] INFO [Controller id=0] Deleting log dir event notifications (kafka.controller.KafkaController)
[2021-03-01 12:14:18,374] INFO [Controller id=0] Deleting isr change notifications (kafka.controller.KafkaController)
[2021-03-01 12:14:18,377] INFO [Controller id=0] Initializing controller context (kafka.controller.KafkaController)
[2021-03-01 12:14:18,388] INFO [Controller id=0] Initialized broker epochs cache: Map(0 -> 240) (kafka.controller.KafkaController)
[2021-03-01 12:14:18,402] DEBUG [Controller id=0] Register BrokerModifications handler for Set(0) (kafka.controller.KafkaController)
[2021-03-01 12:14:18,443] DEBUG [Channel manager on controller 0]: Controller 0 trying to connect to broker 0 (kafka.controller.ControllerChannelManager)
[2021-03-01 12:14:18,451] INFO [RequestSendThread controllerId=0] Starting (kafka.controller.RequestSendThread)
[2021-03-01 12:14:18,452] INFO [Controller id=0] Currently active brokers in the cluster: Set(0) (kafka.controller.KafkaController)
[2021-03-01 12:14:18,452] INFO [Controller id=0] Currently shutting brokers in the cluster: Set() (kafka.controller.KafkaController)
[2021-03-01 12:14:18,452] INFO [Controller id=0] Current list of topics in the cluster: Set(__consumer_offsets, TestTopicPRO, java_in_use_topic, TestTopic) (kafka.controller.KafkaController)
[2021-03-01 12:14:18,453] INFO [Controller id=0] Fetching topic deletions in progress (kafka.controller.KafkaController)
[2021-03-01 12:14:18,462] INFO [Controller id=0] List of topics to be deleted:  (kafka.controller.KafkaController)
[2021-03-01 12:14:18,462] INFO [Controller id=0] List of topics ineligible for deletion:  (kafka.controller.KafkaController)
[2021-03-01 12:14:18,463] INFO [Controller id=0] Initializing topic deletion manager (kafka.controller.KafkaController)
[2021-03-01 12:14:18,463] INFO [Topic Deletion Manager 0] Initializing manager with initial deletions: Set(), initial ineligible deletions: Set() (kafka.controller.TopicDeletionManager)
[2021-03-01 12:14:18,464] INFO [Controller id=0] Sending update metadata request (kafka.controller.KafkaController)
[2021-03-01 12:14:18,476] INFO [ReplicaStateMachine controllerId=0] Initializing replica state (kafka.controller.ZkReplicaStateMachine)
[2021-03-01 12:14:18,485] INFO [ReplicaStateMachine controllerId=0] Triggering online replica state changes (kafka.controller.ZkReplicaStateMachine)
[2021-03-01 12:14:18,490] INFO [RequestSendThread controllerId=0] Controller 0 connected to LTIN123284.mshome.net:9092 (id: 0 rack: null) for sending state change requests (kafka.controller.RequestSendThread)
[2021-03-01 12:14:18,521] INFO [ReplicaStateMachine controllerId=0] Triggering offline replica state changes (kafka.controller.ZkReplicaStateMachine)
[2021-03-01 12:14:18,521] DEBUG [ReplicaStateMachine controllerId=0] Started replica state machine with initial state -> Map([Topic=__consumer_offsets,Partition=21,Replica=0] -> OnlineReplica, [Topic=__consumer_offsets,Partition=42,Replica=0] -> OnlineReplica, [Topic=__consumer_offsets,Partition=46,Replica=0] -> OnlineReplica, [Topic=TestTopicPRO,Partition=0,Replica=0] -> OnlineReplica, [Topic=__consumer_offsets,Partition=39,Replica=0] -> OnlineReplica, [Topic=__consumer_offsets,Partition=7,Replica=0] -> OnlineReplica, [Topic=__consumer_offsets,Partition=13,Replica=0] -> OnlineReplica, [Topic=__consumer_offsets,Partition=49,Replica=0] -> OnlineReplica, [Topic=__consumer_offsets,Partition=48,Replica=0] -> OnlineReplica, [Topic=__consumer_offsets,Partition=15,Replica=0] -> OnlineReplica, [Topic=__consumer_offsets,Partition=38,Replica=0] -> OnlineReplica, [Topic=__consumer_offsets,Partition=2,Replica=0] -> OnlineReplica, [Topic=__consumer_offsets,Partition=28,Replica=0] -> OnlineReplica, [Topic=__consumer_offsets,Partition=23,Replica=0] -> OnlineReplica, [Topic=java_in_use_topic,Partition=0,Replica=0] -> OnlineReplica, [Topic=__consumer_offsets,Partition=32,Replica=0] -> OnlineReplica, [Topic=__consumer_offsets,Partition=10,Replica=0] -> OnlineReplica, [Topic=__consumer_offsets,Partition=18,Replica=0] -> OnlineReplica, [Topic=__consumer_offsets,Partition=33,Replica=0] -> OnlineReplica, [Topic=__consumer_offsets,Partition=5,Replica=0] -> OnlineReplica, [Topic=__consumer_offsets,Partition=17,Replica=0] -> OnlineReplica, [Topic=__consumer_offsets,Partition=8,Replica=0] -> OnlineReplica, [Topic=__consumer_offsets,Partition=19,Replica=0] -> OnlineReplica, [Topic=__consumer_offsets,Partition=37,Replica=0] -> OnlineReplica, [Topic=__consumer_offsets,Partition=43,Replica=0] -> OnlineReplica, [Topic=TestTopic,Partition=0,Replica=0] -> OnlineReplica, [Topic=__consumer_offsets,Partition=6,Replica=0] -> OnlineReplica, [Topic=__consumer_offsets,Partition=9,Replica=0] -> OnlineReplica, [Topic=__consumer_offsets,Partition=3,Replica=0] -> OnlineReplica, [Topic=__consumer_offsets,Partition=30,Replica=0] -> OnlineReplica, [Topic=__consumer_offsets,Partition=25,Replica=0] -> OnlineReplica, [Topic=__consumer_offsets,Partition=47,Replica=0] -> OnlineReplica, [Topic=__consumer_offsets,Partition=36,Replica=0] -> OnlineReplica, [Topic=__consumer_offsets,Partition=11,Replica=0] -> OnlineReplica, [Topic=__consumer_offsets,Partition=34,Replica=0] -> OnlineReplica, [Topic=__consumer_offsets,Partition=27,Replica=0] -> OnlineReplica, [Topic=__consumer_offsets,Partition=12,Replica=0] -> OnlineReplica, [Topic=__consumer_offsets,Partition=44,Replica=0] -> OnlineReplica, [Topic=__consumer_offsets,Partition=1,Replica=0] -> OnlineReplica, [Topic=__consumer_offsets,Partition=45,Replica=0] -> OnlineReplica, [Topic=__consumer_offsets,Partition=24,Replica=0] -> OnlineReplica, [Topic=__consumer_offsets,Partition=22,Replica=0] -> OnlineReplica, [Topic=__consumer_offsets,Partition=0,Replica=0] -> OnlineReplica, [Topic=__consumer_offsets,Partition=31,Replica=0] -> OnlineReplica, [Topic=__consumer_offsets,Partition=14,Replica=0] -> OnlineReplica, [Topic=__consumer_offsets,Partition=40,Replica=0] -> OnlineReplica, [Topic=__consumer_offsets,Partition=4,Replica=0] -> OnlineReplica, [Topic=__consumer_offsets,Partition=20,Replica=0] -> OnlineReplica, [Topic=__consumer_offsets,Partition=41,Replica=0] -> OnlineReplica, [Topic=__consumer_offsets,Partition=26,Replica=0] -> OnlineReplica, [Topic=__consumer_offsets,Partition=29,Replica=0] -> OnlineReplica, [Topic=__consumer_offsets,Partition=16,Replica=0] -> OnlineReplica, [Topic=__consumer_offsets,Partition=35,Replica=0] -> OnlineReplica) (kafka.controller.ZkReplicaStateMachine)
[2021-03-01 12:14:18,522] INFO [PartitionStateMachine controllerId=0] Initializing partition state (kafka.controller.ZkPartitionStateMachine)
[2021-03-01 12:14:18,526] INFO [PartitionStateMachine controllerId=0] Triggering online partition state changes (kafka.controller.ZkPartitionStateMachine)
[2021-03-01 12:14:18,529] DEBUG [PartitionStateMachine controllerId=0] Started partition state machine with initial state -> Map(__consumer_offsets-49 -> OnlinePartition, __consumer_offsets-38 -> OnlinePartition, __consumer_offsets-16 -> OnlinePartition, __consumer_offsets-27 -> OnlinePartition, java_in_use_topic-0 -> OnlinePartition, __consumer_offsets-8 -> OnlinePartition, __consumer_offsets-19 -> OnlinePartition, __consumer_offsets-13 -> OnlinePartition, __consumer_offsets-2 -> OnlinePartition, __consumer_offsets-46 -> OnlinePartition, __consumer_offsets-35 -> OnlinePartition, __consumer_offsets-24 -> OnlinePartition, __consumer_offsets-5 -> OnlinePartition, __consumer_offsets-43 -> OnlinePartition, __consumer_offsets-32 -> OnlinePartition, __consumer_offsets-21 -> OnlinePartition, __consumer_offsets-10 -> OnlinePartition, __consumer_offsets-37 -> OnlinePartition, __consumer_offsets-48 -> OnlinePartition, __consumer_offsets-40 -> OnlinePartition, __consumer_offsets-18 -> OnlinePartition, __consumer_offsets-29 -> OnlinePartition, __consumer_offsets-7 -> OnlinePartition, __consumer_offsets-34 -> OnlinePartition, __consumer_offsets-23 -> OnlinePartition, __consumer_offsets-45 -> OnlinePartition, __consumer_offsets-26 -> OnlinePartition, __consumer_offsets-4 -> OnlinePartition, __consumer_offsets-15 -> OnlinePartition, __consumer_offsets-42 -> OnlinePartition, __consumer_offsets-31 -> OnlinePartition, __consumer_offsets-9 -> OnlinePartition, __consumer_offsets-20 -> OnlinePartition, __consumer_offsets-12 -> OnlinePartition, __consumer_offsets-1 -> OnlinePartition, __consumer_offsets-28 -> OnlinePartition, __consumer_offsets-17 -> OnlinePartition, __consumer_offsets-6 -> OnlinePartition, __consumer_offsets-39 -> OnlinePartition, __consumer_offsets-44 -> OnlinePartition, TestTopicPRO-0 -> OnlinePartition, __consumer_offsets-36 -> OnlinePartition, __consumer_offsets-47 -> OnlinePartition, TestTopic-0 -> OnlinePartition, __consumer_offsets-3 -> OnlinePartition, __consumer_offsets-25 -> OnlinePartition, __consumer_offsets-14 -> OnlinePartition, __consumer_offsets-30 -> OnlinePartition, __consumer_offsets-41 -> OnlinePartition, __consumer_offsets-33 -> OnlinePartition, __consumer_offsets-22 -> OnlinePartition, __consumer_offsets-11 -> OnlinePartition, __consumer_offsets-0 -> OnlinePartition) (kafka.controller.ZkPartitionStateMachine)
[2021-03-01 12:14:18,530] INFO [Controller id=0] Ready to serve as the new controller with epoch 5 (kafka.controller.KafkaController)
[2021-03-01 12:14:18,536] INFO [Controller id=0] Partitions undergoing preferred replica election:  (kafka.controller.KafkaController)
[2021-03-01 12:14:18,537] INFO [Controller id=0] Partitions that completed preferred replica election:  (kafka.controller.KafkaController)
[2021-03-01 12:14:18,538] INFO [Controller id=0] Skipping preferred replica election for partitions due to topic deletion:  (kafka.controller.KafkaController)
[2021-03-01 12:14:18,538] INFO [Controller id=0] Resuming preferred replica election for partitions:  (kafka.controller.KafkaController)
[2021-03-01 12:14:18,539] INFO [Controller id=0] Starting replica leader election (PREFERRED) for partitions  triggered by ZkTriggered (kafka.controller.KafkaController)
[2021-03-01 12:14:18,561] INFO [Controller id=0] Starting the controller scheduler (kafka.controller.KafkaController)
[2021-03-01 12:14:23,563] INFO [Controller id=0] Processing automatic preferred replica leader election (kafka.controller.KafkaController)
[2021-03-01 12:14:23,563] TRACE [Controller id=0] Checking need to trigger auto leader balancing (kafka.controller.KafkaController)
[2021-03-01 12:14:23,568] DEBUG [Controller id=0] Topics not in preferred replica for broker 0 Map() (kafka.controller.KafkaController)
[2021-03-01 12:14:23,569] TRACE [Controller id=0] Leader imbalance ratio for broker 0 is 0.0 (kafka.controller.KafkaController)
[2021-03-01 13:11:17,571] DEBUG [Controller id=0] Resigning (kafka.controller.KafkaController)
[2021-03-01 13:11:17,582] DEBUG [Controller id=0] Unregister BrokerModifications handler for Set(0) (kafka.controller.KafkaController)
[2021-03-01 13:11:17,591] INFO [PartitionStateMachine controllerId=0] Stopped partition state machine (kafka.controller.ZkPartitionStateMachine)
[2021-03-01 13:11:17,594] INFO [ReplicaStateMachine controllerId=0] Stopped replica state machine (kafka.controller.ZkReplicaStateMachine)
[2021-03-01 13:11:17,595] INFO [RequestSendThread controllerId=0] Shutting down (kafka.controller.RequestSendThread)
[2021-03-01 13:11:17,596] INFO [RequestSendThread controllerId=0] Stopped (kafka.controller.RequestSendThread)
[2021-03-01 13:11:17,596] INFO [RequestSendThread controllerId=0] Shutdown completed (kafka.controller.RequestSendThread)
[2021-03-01 13:11:17,618] INFO [Controller id=0] Resigned (kafka.controller.KafkaController)
[2021-03-01 13:11:17,658] INFO [Controller id=0] 0 successfully elected as the controller. Epoch incremented to 6 and epoch zk version is now 6 (kafka.controller.KafkaController)
[2021-03-01 13:11:17,706] INFO [Controller id=0] Registering handlers (kafka.controller.KafkaController)
[2021-03-01 13:11:17,710] INFO [Controller id=0] Deleting log dir event notifications (kafka.controller.KafkaController)
[2021-03-01 13:11:17,711] INFO [Controller id=0] Deleting isr change notifications (kafka.controller.KafkaController)
[2021-03-01 13:11:17,713] INFO [Controller id=0] Initializing controller context (kafka.controller.KafkaController)
[2021-03-01 13:11:17,719] INFO [Controller id=0] Initialized broker epochs cache: Map(0 -> 246) (kafka.controller.KafkaController)
[2021-03-01 13:11:17,728] DEBUG [Controller id=0] Register BrokerModifications handler for Set(0) (kafka.controller.KafkaController)
[2021-03-01 13:11:17,770] DEBUG [Channel manager on controller 0]: Controller 0 trying to connect to broker 0 (kafka.controller.ControllerChannelManager)
[2021-03-01 13:11:17,784] INFO [Controller id=0] Currently active brokers in the cluster: Set(0) (kafka.controller.KafkaController)
[2021-03-01 13:11:17,785] INFO [Controller id=0] Currently shutting brokers in the cluster: Set() (kafka.controller.KafkaController)
[2021-03-01 13:11:17,785] INFO [Controller id=0] Current list of topics in the cluster: Set(__consumer_offsets, TestTopicPRO, java_in_use_topic, TestTopic) (kafka.controller.KafkaController)
[2021-03-01 13:11:17,785] INFO [Controller id=0] Fetching topic deletions in progress (kafka.controller.KafkaController)
[2021-03-01 13:11:17,792] INFO [Controller id=0] List of topics to be deleted:  (kafka.controller.KafkaController)
[2021-03-01 13:11:17,792] INFO [Controller id=0] List of topics ineligible for deletion:  (kafka.controller.KafkaController)
[2021-03-01 13:11:17,792] INFO [Controller id=0] Initializing topic deletion manager (kafka.controller.KafkaController)
[2021-03-01 13:11:17,792] INFO [Topic Deletion Manager 0] Initializing manager with initial deletions: Set(), initial ineligible deletions: Set() (kafka.controller.TopicDeletionManager)
[2021-03-01 13:11:17,792] INFO [Controller id=0] Sending update metadata request (kafka.controller.KafkaController)
[2021-03-01 13:11:17,795] INFO [RequestSendThread controllerId=0] Starting (kafka.controller.RequestSendThread)
[2021-03-01 13:11:17,881] INFO [ReplicaStateMachine controllerId=0] Initializing replica state (kafka.controller.ZkReplicaStateMachine)
[2021-03-01 13:11:17,883] INFO [RequestSendThread controllerId=0] Controller 0 connected to LTIN123284.mshome.net:9092 (id: 0 rack: null) for sending state change requests (kafka.controller.RequestSendThread)
[2021-03-01 13:11:17,892] INFO [ReplicaStateMachine controllerId=0] Triggering online replica state changes (kafka.controller.ZkReplicaStateMachine)
[2021-03-01 13:11:17,899] INFO [ReplicaStateMachine controllerId=0] Triggering offline replica state changes (kafka.controller.ZkReplicaStateMachine)
[2021-03-01 13:11:17,899] DEBUG [ReplicaStateMachine controllerId=0] Started replica state machine with initial state -> Map([Topic=__consumer_offsets,Partition=21,Replica=0] -> OnlineReplica, [Topic=__consumer_offsets,Partition=42,Replica=0] -> OnlineReplica, [Topic=__consumer_offsets,Partition=46,Replica=0] -> OnlineReplica, [Topic=TestTopicPRO,Partition=0,Replica=0] -> OnlineReplica, [Topic=__consumer_offsets,Partition=39,Replica=0] -> OnlineReplica, [Topic=__consumer_offsets,Partition=7,Replica=0] -> OnlineReplica, [Topic=__consumer_offsets,Partition=13,Replica=0] -> OnlineReplica, [Topic=__consumer_offsets,Partition=48,Replica=0] -> OnlineReplica, [Topic=__consumer_offsets,Partition=49,Replica=0] -> OnlineReplica, [Topic=__consumer_offsets,Partition=15,Replica=0] -> OnlineReplica, [Topic=__consumer_offsets,Partition=2,Replica=0] -> OnlineReplica, [Topic=__consumer_offsets,Partition=38,Replica=0] -> OnlineReplica, [Topic=__consumer_offsets,Partition=28,Replica=0] -> OnlineReplica, [Topic=__consumer_offsets,Partition=23,Replica=0] -> OnlineReplica, [Topic=java_in_use_topic,Partition=0,Replica=0] -> OnlineReplica, [Topic=__consumer_offsets,Partition=32,Replica=0] -> OnlineReplica, [Topic=__consumer_offsets,Partition=10,Replica=0] -> OnlineReplica, [Topic=__consumer_offsets,Partition=18,Replica=0] -> OnlineReplica, [Topic=__consumer_offsets,Partition=33,Replica=0] -> OnlineReplica, [Topic=__consumer_offsets,Partition=5,Replica=0] -> OnlineReplica, [Topic=__consumer_offsets,Partition=17,Replica=0] -> OnlineReplica, [Topic=__consumer_offsets,Partition=8,Replica=0] -> OnlineReplica, [Topic=__consumer_offsets,Partition=19,Replica=0] -> OnlineReplica, [Topic=__consumer_offsets,Partition=37,Replica=0] -> OnlineReplica, [Topic=__consumer_offsets,Partition=43,Replica=0] -> OnlineReplica, [Topic=TestTopic,Partition=0,Replica=0] -> OnlineReplica, [Topic=__consumer_offsets,Partition=6,Replica=0] -> OnlineReplica, [Topic=__consumer_offsets,Partition=9,Replica=0] -> OnlineReplica, [Topic=__consumer_offsets,Partition=3,Replica=0] -> OnlineReplica, [Topic=__consumer_offsets,Partition=30,Replica=0] -> OnlineReplica, [Topic=__consumer_offsets,Partition=25,Replica=0] -> OnlineReplica, [Topic=__consumer_offsets,Partition=47,Replica=0] -> OnlineReplica, [Topic=__consumer_offsets,Partition=36,Replica=0] -> OnlineReplica, [Topic=__consumer_offsets,Partition=11,Replica=0] -> OnlineReplica, [Topic=__consumer_offsets,Partition=34,Replica=0] -> OnlineReplica, [Topic=__consumer_offsets,Partition=12,Replica=0] -> OnlineReplica, [Topic=__consumer_offsets,Partition=27,Replica=0] -> OnlineReplica, [Topic=__consumer_offsets,Partition=44,Replica=0] -> OnlineReplica, [Topic=__consumer_offsets,Partition=1,Replica=0] -> OnlineReplica, [Topic=__consumer_offsets,Partition=45,Replica=0] -> OnlineReplica, [Topic=__consumer_offsets,Partition=24,Replica=0] -> OnlineReplica, [Topic=__consumer_offsets,Partition=0,Replica=0] -> OnlineReplica, [Topic=__consumer_offsets,Partition=22,Replica=0] -> OnlineReplica, [Topic=__consumer_offsets,Partition=31,Replica=0] -> OnlineReplica, [Topic=__consumer_offsets,Partition=14,Replica=0] -> OnlineReplica, [Topic=__consumer_offsets,Partition=40,Replica=0] -> OnlineReplica, [Topic=__consumer_offsets,Partition=20,Replica=0] -> OnlineReplica, [Topic=__consumer_offsets,Partition=4,Replica=0] -> OnlineReplica, [Topic=__consumer_offsets,Partition=41,Replica=0] -> OnlineReplica, [Topic=__consumer_offsets,Partition=26,Replica=0] -> OnlineReplica, [Topic=__consumer_offsets,Partition=29,Replica=0] -> OnlineReplica, [Topic=__consumer_offsets,Partition=16,Replica=0] -> OnlineReplica, [Topic=__consumer_offsets,Partition=35,Replica=0] -> OnlineReplica) (kafka.controller.ZkReplicaStateMachine)
[2021-03-01 13:11:17,899] INFO [PartitionStateMachine controllerId=0] Initializing partition state (kafka.controller.ZkPartitionStateMachine)
[2021-03-01 13:11:17,900] INFO [PartitionStateMachine controllerId=0] Triggering online partition state changes (kafka.controller.ZkPartitionStateMachine)
[2021-03-01 13:11:17,901] DEBUG [PartitionStateMachine controllerId=0] Started partition state machine with initial state -> Map(__consumer_offsets-49 -> OnlinePartition, __consumer_offsets-38 -> OnlinePartition, __consumer_offsets-16 -> OnlinePartition, __consumer_offsets-27 -> OnlinePartition, java_in_use_topic-0 -> OnlinePartition, __consumer_offsets-19 -> OnlinePartition, __consumer_offsets-8 -> OnlinePartition, __consumer_offsets-2 -> OnlinePartition, __consumer_offsets-13 -> OnlinePartition, __consumer_offsets-24 -> OnlinePartition, __consumer_offsets-35 -> OnlinePartition, __consumer_offsets-46 -> OnlinePartition, __consumer_offsets-5 -> OnlinePartition, __consumer_offsets-43 -> OnlinePartition, __consumer_offsets-32 -> OnlinePartition, __consumer_offsets-21 -> OnlinePartition, __consumer_offsets-10 -> OnlinePartition, __consumer_offsets-37 -> OnlinePartition, __consumer_offsets-48 -> OnlinePartition, __consumer_offsets-40 -> OnlinePartition, __consumer_offsets-29 -> OnlinePartition, __consumer_offsets-18 -> OnlinePartition, __consumer_offsets-7 -> OnlinePartition, __consumer_offsets-34 -> OnlinePartition, __consumer_offsets-45 -> OnlinePartition, __consumer_offsets-23 -> OnlinePartition, __consumer_offsets-26 -> OnlinePartition, __consumer_offsets-15 -> OnlinePartition, __consumer_offsets-4 -> OnlinePartition, __consumer_offsets-42 -> OnlinePartition, __consumer_offsets-20 -> OnlinePartition, __consumer_offsets-31 -> OnlinePartition, __consumer_offsets-9 -> OnlinePartition, __consumer_offsets-1 -> OnlinePartition, __consumer_offsets-12 -> OnlinePartition, __consumer_offsets-17 -> OnlinePartition, __consumer_offsets-28 -> OnlinePartition, __consumer_offsets-6 -> OnlinePartition, __consumer_offsets-39 -> OnlinePartition, __consumer_offsets-44 -> OnlinePartition, TestTopicPRO-0 -> OnlinePartition, __consumer_offsets-36 -> OnlinePartition, __consumer_offsets-47 -> OnlinePartition, TestTopic-0 -> OnlinePartition, __consumer_offsets-14 -> OnlinePartition, __consumer_offsets-3 -> OnlinePartition, __consumer_offsets-25 -> OnlinePartition, __consumer_offsets-41 -> OnlinePartition, __consumer_offsets-30 -> OnlinePartition, __consumer_offsets-11 -> OnlinePartition, __consumer_offsets-33 -> OnlinePartition, __consumer_offsets-22 -> OnlinePartition, __consumer_offsets-0 -> OnlinePartition) (kafka.controller.ZkPartitionStateMachine)
[2021-03-01 13:11:17,901] INFO [Controller id=0] Ready to serve as the new controller with epoch 6 (kafka.controller.KafkaController)
[2021-03-01 13:11:17,906] INFO [Controller id=0] Partitions undergoing preferred replica election:  (kafka.controller.KafkaController)
[2021-03-01 13:11:17,906] INFO [Controller id=0] Partitions that completed preferred replica election:  (kafka.controller.KafkaController)
[2021-03-01 13:11:17,906] INFO [Controller id=0] Skipping preferred replica election for partitions due to topic deletion:  (kafka.controller.KafkaController)
[2021-03-01 13:11:17,906] INFO [Controller id=0] Resuming preferred replica election for partitions:  (kafka.controller.KafkaController)
[2021-03-01 13:11:17,906] INFO [Controller id=0] Starting replica leader election (PREFERRED) for partitions  triggered by ZkTriggered (kafka.controller.KafkaController)
[2021-03-01 13:11:17,911] INFO [Controller id=0] Starting the controller scheduler (kafka.controller.KafkaController)
[2021-03-01 13:11:22,914] INFO [Controller id=0] Processing automatic preferred replica leader election (kafka.controller.KafkaController)
[2021-03-01 13:11:22,914] TRACE [Controller id=0] Checking need to trigger auto leader balancing (kafka.controller.KafkaController)
[2021-03-01 13:11:22,917] DEBUG [Controller id=0] Topics not in preferred replica for broker 0 Map() (kafka.controller.KafkaController)
[2021-03-01 13:11:22,917] TRACE [Controller id=0] Leader imbalance ratio for broker 0 is 0.0 (kafka.controller.KafkaController)
[2021-03-01 13:16:22,918] INFO [Controller id=0] Processing automatic preferred replica leader election (kafka.controller.KafkaController)
[2021-03-01 13:16:22,918] TRACE [Controller id=0] Checking need to trigger auto leader balancing (kafka.controller.KafkaController)
[2021-03-01 13:16:22,919] DEBUG [Controller id=0] Topics not in preferred replica for broker 0 Map() (kafka.controller.KafkaController)
[2021-03-01 13:16:22,920] TRACE [Controller id=0] Leader imbalance ratio for broker 0 is 0.0 (kafka.controller.KafkaController)
[2021-03-01 13:21:22,922] INFO [Controller id=0] Processing automatic preferred replica leader election (kafka.controller.KafkaController)
[2021-03-01 13:21:22,922] TRACE [Controller id=0] Checking need to trigger auto leader balancing (kafka.controller.KafkaController)
[2021-03-01 13:21:22,923] DEBUG [Controller id=0] Topics not in preferred replica for broker 0 Map() (kafka.controller.KafkaController)
[2021-03-01 13:21:22,923] TRACE [Controller id=0] Leader imbalance ratio for broker 0 is 0.0 (kafka.controller.KafkaController)
[2021-03-01 13:26:22,926] INFO [Controller id=0] Processing automatic preferred replica leader election (kafka.controller.KafkaController)
[2021-03-01 13:26:22,926] TRACE [Controller id=0] Checking need to trigger auto leader balancing (kafka.controller.KafkaController)
[2021-03-01 13:26:22,926] DEBUG [Controller id=0] Topics not in preferred replica for broker 0 Map() (kafka.controller.KafkaController)
[2021-03-01 13:26:22,926] TRACE [Controller id=0] Leader imbalance ratio for broker 0 is 0.0 (kafka.controller.KafkaController)
[2021-03-01 13:31:22,929] INFO [Controller id=0] Processing automatic preferred replica leader election (kafka.controller.KafkaController)
[2021-03-01 13:31:22,930] TRACE [Controller id=0] Checking need to trigger auto leader balancing (kafka.controller.KafkaController)
[2021-03-01 13:31:22,931] DEBUG [Controller id=0] Topics not in preferred replica for broker 0 Map() (kafka.controller.KafkaController)
[2021-03-01 13:31:22,931] TRACE [Controller id=0] Leader imbalance ratio for broker 0 is 0.0 (kafka.controller.KafkaController)
[2021-03-01 13:36:33,236] DEBUG [Controller id=0] Resigning (kafka.controller.KafkaController)
[2021-03-01 13:36:33,236] DEBUG [Controller id=0] Unregister BrokerModifications handler for Set(0) (kafka.controller.KafkaController)
[2021-03-01 13:36:33,237] INFO [PartitionStateMachine controllerId=0] Stopped partition state machine (kafka.controller.ZkPartitionStateMachine)
[2021-03-01 13:36:33,238] INFO [ReplicaStateMachine controllerId=0] Stopped replica state machine (kafka.controller.ZkReplicaStateMachine)
[2021-03-01 13:36:33,238] INFO [RequestSendThread controllerId=0] Shutting down (kafka.controller.RequestSendThread)
[2021-03-01 13:36:33,239] INFO [RequestSendThread controllerId=0] Stopped (kafka.controller.RequestSendThread)
[2021-03-01 13:36:33,298] INFO [RequestSendThread controllerId=0] Shutdown completed (kafka.controller.RequestSendThread)
[2021-03-01 13:36:33,371] INFO [Controller id=0] Resigned (kafka.controller.KafkaController)
[2021-03-01 13:36:33,442] INFO [Controller id=0] 0 successfully elected as the controller. Epoch incremented to 7 and epoch zk version is now 7 (kafka.controller.KafkaController)
[2021-03-01 13:36:33,469] INFO [Controller id=0] Registering handlers (kafka.controller.KafkaController)
[2021-03-01 13:36:33,676] INFO [Controller id=0] Deleting log dir event notifications (kafka.controller.KafkaController)
[2021-03-01 13:36:33,706] INFO [Controller id=0] Deleting isr change notifications (kafka.controller.KafkaController)
[2021-03-01 13:36:33,726] INFO [Controller id=0] Initializing controller context (kafka.controller.KafkaController)
[2021-03-01 13:36:33,731] INFO [Controller id=0] Initialized broker epochs cache: Map(0 -> 251) (kafka.controller.KafkaController)
[2021-03-01 13:36:33,739] DEBUG [Controller id=0] Register BrokerModifications handler for Set(0) (kafka.controller.KafkaController)
[2021-03-01 13:36:33,932] DEBUG [Channel manager on controller 0]: Controller 0 trying to connect to broker 0 (kafka.controller.ControllerChannelManager)
[2021-03-01 13:36:33,981] INFO [Controller id=0] Currently active brokers in the cluster: Set(0) (kafka.controller.KafkaController)
[2021-03-01 13:36:33,981] INFO [Controller id=0] Currently shutting brokers in the cluster: Set() (kafka.controller.KafkaController)
[2021-03-01 13:36:33,981] INFO [Controller id=0] Current list of topics in the cluster: Set(__consumer_offsets, TestTopicPRO, java_in_use_topic, TestTopic) (kafka.controller.KafkaController)
[2021-03-01 13:36:33,982] INFO [RequestSendThread controllerId=0] Starting (kafka.controller.RequestSendThread)
[2021-03-01 13:36:33,982] INFO [Controller id=0] Fetching topic deletions in progress (kafka.controller.KafkaController)
[2021-03-01 13:36:34,021] INFO [Controller id=0] List of topics to be deleted:  (kafka.controller.KafkaController)
[2021-03-01 13:36:34,021] INFO [Controller id=0] List of topics ineligible for deletion:  (kafka.controller.KafkaController)
[2021-03-01 13:36:34,021] INFO [Controller id=0] Initializing topic deletion manager (kafka.controller.KafkaController)
[2021-03-01 13:36:34,021] INFO [Topic Deletion Manager 0] Initializing manager with initial deletions: Set(), initial ineligible deletions: Set() (kafka.controller.TopicDeletionManager)
[2021-03-01 13:36:34,021] INFO [Controller id=0] Sending update metadata request (kafka.controller.KafkaController)
[2021-03-01 13:36:34,022] INFO [ReplicaStateMachine controllerId=0] Initializing replica state (kafka.controller.ZkReplicaStateMachine)
[2021-03-01 13:36:34,022] INFO [ReplicaStateMachine controllerId=0] Triggering online replica state changes (kafka.controller.ZkReplicaStateMachine)
[2021-03-01 13:36:34,032] INFO [ReplicaStateMachine controllerId=0] Triggering offline replica state changes (kafka.controller.ZkReplicaStateMachine)
[2021-03-01 13:36:34,032] DEBUG [ReplicaStateMachine controllerId=0] Started replica state machine with initial state -> Map([Topic=__consumer_offsets,Partition=21,Replica=0] -> OnlineReplica, [Topic=__consumer_offsets,Partition=42,Replica=0] -> OnlineReplica, [Topic=__consumer_offsets,Partition=46,Replica=0] -> OnlineReplica, [Topic=TestTopicPRO,Partition=0,Replica=0] -> OnlineReplica, [Topic=__consumer_offsets,Partition=39,Replica=0] -> OnlineReplica, [Topic=__consumer_offsets,Partition=7,Replica=0] -> OnlineReplica, [Topic=__consumer_offsets,Partition=13,Replica=0] -> OnlineReplica, [Topic=__consumer_offsets,Partition=48,Replica=0] -> OnlineReplica, [Topic=__consumer_offsets,Partition=49,Replica=0] -> OnlineReplica, [Topic=__consumer_offsets,Partition=15,Replica=0] -> OnlineReplica, [Topic=__consumer_offsets,Partition=2,Replica=0] -> OnlineReplica, [Topic=__consumer_offsets,Partition=38,Replica=0] -> OnlineReplica, [Topic=__consumer_offsets,Partition=28,Replica=0] -> OnlineReplica, [Topic=__consumer_offsets,Partition=23,Replica=0] -> OnlineReplica, [Topic=java_in_use_topic,Partition=0,Replica=0] -> OnlineReplica, [Topic=__consumer_offsets,Partition=32,Replica=0] -> OnlineReplica, [Topic=__consumer_offsets,Partition=10,Replica=0] -> OnlineReplica, [Topic=__consumer_offsets,Partition=18,Replica=0] -> OnlineReplica, [Topic=__consumer_offsets,Partition=33,Replica=0] -> OnlineReplica, [Topic=__consumer_offsets,Partition=5,Replica=0] -> OnlineReplica, [Topic=__consumer_offsets,Partition=17,Replica=0] -> OnlineReplica, [Topic=__consumer_offsets,Partition=8,Replica=0] -> OnlineReplica, [Topic=__consumer_offsets,Partition=19,Replica=0] -> OnlineReplica, [Topic=__consumer_offsets,Partition=37,Replica=0] -> OnlineReplica, [Topic=__consumer_offsets,Partition=43,Replica=0] -> OnlineReplica, [Topic=TestTopic,Partition=0,Replica=0] -> OnlineReplica, [Topic=__consumer_offsets,Partition=6,Replica=0] -> OnlineReplica, [Topic=__consumer_offsets,Partition=9,Replica=0] -> OnlineReplica, [Topic=__consumer_offsets,Partition=3,Replica=0] -> OnlineReplica, [Topic=__consumer_offsets,Partition=30,Replica=0] -> OnlineReplica, [Topic=__consumer_offsets,Partition=25,Replica=0] -> OnlineReplica, [Topic=__consumer_offsets,Partition=47,Replica=0] -> OnlineReplica, [Topic=__consumer_offsets,Partition=36,Replica=0] -> OnlineReplica, [Topic=__consumer_offsets,Partition=11,Replica=0] -> OnlineReplica, [Topic=__consumer_offsets,Partition=34,Replica=0] -> OnlineReplica, [Topic=__consumer_offsets,Partition=12,Replica=0] -> OnlineReplica, [Topic=__consumer_offsets,Partition=27,Replica=0] -> OnlineReplica, [Topic=__consumer_offsets,Partition=44,Replica=0] -> OnlineReplica, [Topic=__consumer_offsets,Partition=1,Replica=0] -> OnlineReplica, [Topic=__consumer_offsets,Partition=45,Replica=0] -> OnlineReplica, [Topic=__consumer_offsets,Partition=24,Replica=0] -> OnlineReplica, [Topic=__consumer_offsets,Partition=0,Replica=0] -> OnlineReplica, [Topic=__consumer_offsets,Partition=22,Replica=0] -> OnlineReplica, [Topic=__consumer_offsets,Partition=31,Replica=0] -> OnlineReplica, [Topic=__consumer_offsets,Partition=14,Replica=0] -> OnlineReplica, [Topic=__consumer_offsets,Partition=40,Replica=0] -> OnlineReplica, [Topic=__consumer_offsets,Partition=20,Replica=0] -> OnlineReplica, [Topic=__consumer_offsets,Partition=4,Replica=0] -> OnlineReplica, [Topic=__consumer_offsets,Partition=41,Replica=0] -> OnlineReplica, [Topic=__consumer_offsets,Partition=26,Replica=0] -> OnlineReplica, [Topic=__consumer_offsets,Partition=29,Replica=0] -> OnlineReplica, [Topic=__consumer_offsets,Partition=16,Replica=0] -> OnlineReplica, [Topic=__consumer_offsets,Partition=35,Replica=0] -> OnlineReplica) (kafka.controller.ZkReplicaStateMachine)
[2021-03-01 13:36:34,033] INFO [PartitionStateMachine controllerId=0] Initializing partition state (kafka.controller.ZkPartitionStateMachine)
[2021-03-01 13:36:34,034] INFO [PartitionStateMachine controllerId=0] Triggering online partition state changes (kafka.controller.ZkPartitionStateMachine)
[2021-03-01 13:36:34,035] DEBUG [PartitionStateMachine controllerId=0] Started partition state machine with initial state -> Map(__consumer_offsets-49 -> OnlinePartition, __consumer_offsets-38 -> OnlinePartition, __consumer_offsets-16 -> OnlinePartition, __consumer_offsets-27 -> OnlinePartition, java_in_use_topic-0 -> OnlinePartition, __consumer_offsets-19 -> OnlinePartition, __consumer_offsets-8 -> OnlinePartition, __consumer_offsets-2 -> OnlinePartition, __consumer_offsets-13 -> OnlinePartition, __consumer_offsets-24 -> OnlinePartition, __consumer_offsets-35 -> OnlinePartition, __consumer_offsets-46 -> OnlinePartition, __consumer_offsets-5 -> OnlinePartition, __consumer_offsets-43 -> OnlinePartition, __consumer_offsets-32 -> OnlinePartition, __consumer_offsets-21 -> OnlinePartition, __consumer_offsets-10 -> OnlinePartition, __consumer_offsets-37 -> OnlinePartition, __consumer_offsets-48 -> OnlinePartition, __consumer_offsets-40 -> OnlinePartition, __consumer_offsets-29 -> OnlinePartition, __consumer_offsets-18 -> OnlinePartition, __consumer_offsets-7 -> OnlinePartition, __consumer_offsets-34 -> OnlinePartition, __consumer_offsets-45 -> OnlinePartition, __consumer_offsets-23 -> OnlinePartition, __consumer_offsets-26 -> OnlinePartition, __consumer_offsets-15 -> OnlinePartition, __consumer_offsets-4 -> OnlinePartition, __consumer_offsets-42 -> OnlinePartition, __consumer_offsets-20 -> OnlinePartition, __consumer_offsets-31 -> OnlinePartition, __consumer_offsets-9 -> OnlinePartition, __consumer_offsets-1 -> OnlinePartition, __consumer_offsets-12 -> OnlinePartition, __consumer_offsets-17 -> OnlinePartition, __consumer_offsets-28 -> OnlinePartition, __consumer_offsets-6 -> OnlinePartition, __consumer_offsets-39 -> OnlinePartition, __consumer_offsets-44 -> OnlinePartition, TestTopicPRO-0 -> OnlinePartition, __consumer_offsets-36 -> OnlinePartition, __consumer_offsets-47 -> OnlinePartition, TestTopic-0 -> OnlinePartition, __consumer_offsets-14 -> OnlinePartition, __consumer_offsets-3 -> OnlinePartition, __consumer_offsets-25 -> OnlinePartition, __consumer_offsets-41 -> OnlinePartition, __consumer_offsets-30 -> OnlinePartition, __consumer_offsets-11 -> OnlinePartition, __consumer_offsets-33 -> OnlinePartition, __consumer_offsets-22 -> OnlinePartition, __consumer_offsets-0 -> OnlinePartition) (kafka.controller.ZkPartitionStateMachine)
[2021-03-01 13:36:34,035] INFO [Controller id=0] Ready to serve as the new controller with epoch 7 (kafka.controller.KafkaController)
[2021-03-01 13:36:34,068] INFO [RequestSendThread controllerId=0] Controller 0 connected to LTIN123284.mshome.net:9092 (id: 0 rack: null) for sending state change requests (kafka.controller.RequestSendThread)
[2021-03-01 13:36:34,081] INFO [Controller id=0] Partitions undergoing preferred replica election:  (kafka.controller.KafkaController)
[2021-03-01 13:36:34,081] INFO [Controller id=0] Partitions that completed preferred replica election:  (kafka.controller.KafkaController)
[2021-03-01 13:36:34,081] INFO [Controller id=0] Skipping preferred replica election for partitions due to topic deletion:  (kafka.controller.KafkaController)
[2021-03-01 13:36:34,081] INFO [Controller id=0] Resuming preferred replica election for partitions:  (kafka.controller.KafkaController)
[2021-03-01 13:36:34,081] INFO [Controller id=0] Starting replica leader election (PREFERRED) for partitions  triggered by ZkTriggered (kafka.controller.KafkaController)
[2021-03-01 13:36:34,163] INFO [Controller id=0] Starting the controller scheduler (kafka.controller.KafkaController)
[2021-03-01 13:36:39,164] INFO [Controller id=0] Processing automatic preferred replica leader election (kafka.controller.KafkaController)
[2021-03-01 13:36:39,164] TRACE [Controller id=0] Checking need to trigger auto leader balancing (kafka.controller.KafkaController)
[2021-03-01 13:36:39,165] DEBUG [Controller id=0] Topics not in preferred replica for broker 0 Map() (kafka.controller.KafkaController)
[2021-03-01 13:36:39,165] TRACE [Controller id=0] Leader imbalance ratio for broker 0 is 0.0 (kafka.controller.KafkaController)
[2021-03-01 13:41:39,167] INFO [Controller id=0] Processing automatic preferred replica leader election (kafka.controller.KafkaController)
[2021-03-01 13:41:39,167] TRACE [Controller id=0] Checking need to trigger auto leader balancing (kafka.controller.KafkaController)
[2021-03-01 13:41:39,168] DEBUG [Controller id=0] Topics not in preferred replica for broker 0 Map() (kafka.controller.KafkaController)
[2021-03-01 13:41:39,168] TRACE [Controller id=0] Leader imbalance ratio for broker 0 is 0.0 (kafka.controller.KafkaController)
[2021-03-01 13:46:39,169] INFO [Controller id=0] Processing automatic preferred replica leader election (kafka.controller.KafkaController)
[2021-03-01 13:46:39,169] TRACE [Controller id=0] Checking need to trigger auto leader balancing (kafka.controller.KafkaController)
[2021-03-01 13:46:39,169] DEBUG [Controller id=0] Topics not in preferred replica for broker 0 Map() (kafka.controller.KafkaController)
[2021-03-01 13:46:39,169] TRACE [Controller id=0] Leader imbalance ratio for broker 0 is 0.0 (kafka.controller.KafkaController)
[2021-03-01 13:51:39,171] INFO [Controller id=0] Processing automatic preferred replica leader election (kafka.controller.KafkaController)
[2021-03-01 13:51:39,171] TRACE [Controller id=0] Checking need to trigger auto leader balancing (kafka.controller.KafkaController)
[2021-03-01 13:51:39,176] DEBUG [Controller id=0] Topics not in preferred replica for broker 0 Map() (kafka.controller.KafkaController)
[2021-03-01 13:51:39,177] TRACE [Controller id=0] Leader imbalance ratio for broker 0 is 0.0 (kafka.controller.KafkaController)
[2021-03-01 13:56:39,177] INFO [Controller id=0] Processing automatic preferred replica leader election (kafka.controller.KafkaController)
[2021-03-01 13:56:39,177] TRACE [Controller id=0] Checking need to trigger auto leader balancing (kafka.controller.KafkaController)
[2021-03-01 13:56:39,178] DEBUG [Controller id=0] Topics not in preferred replica for broker 0 Map() (kafka.controller.KafkaController)
[2021-03-01 13:56:39,178] TRACE [Controller id=0] Leader imbalance ratio for broker 0 is 0.0 (kafka.controller.KafkaController)
[2021-03-01 14:01:39,179] INFO [Controller id=0] Processing automatic preferred replica leader election (kafka.controller.KafkaController)
[2021-03-01 14:01:39,188] TRACE [Controller id=0] Checking need to trigger auto leader balancing (kafka.controller.KafkaController)
[2021-03-01 14:01:39,189] DEBUG [Controller id=0] Topics not in preferred replica for broker 0 Map() (kafka.controller.KafkaController)
[2021-03-01 14:01:39,189] TRACE [Controller id=0] Leader imbalance ratio for broker 0 is 0.0 (kafka.controller.KafkaController)
[2021-03-01 14:02:20,804] INFO [Controller id=0] Shutting down broker 0 (kafka.controller.KafkaController)
[2021-03-01 14:02:20,804] DEBUG [Controller id=0] All shutting down brokers: 0 (kafka.controller.KafkaController)
[2021-03-01 14:02:20,805] DEBUG [Controller id=0] Live brokers:  (kafka.controller.KafkaController)
[2021-03-01 14:02:20,837] TRACE [Controller id=0] All leaders = __consumer_offsets-49 -> (Leader:0,ISR:0,LeaderEpoch:0,ControllerEpoch:1),__consumer_offsets-38 -> (Leader:0,ISR:0,LeaderEpoch:0,ControllerEpoch:1),__consumer_offsets-16 -> (Leader:0,ISR:0,LeaderEpoch:0,ControllerEpoch:1),__consumer_offsets-27 -> (Leader:0,ISR:0,LeaderEpoch:0,ControllerEpoch:1),java_in_use_topic-0 -> (Leader:0,ISR:0,LeaderEpoch:0,ControllerEpoch:2),__consumer_offsets-19 -> (Leader:0,ISR:0,LeaderEpoch:0,ControllerEpoch:1),__consumer_offsets-8 -> (Leader:0,ISR:0,LeaderEpoch:0,ControllerEpoch:1),__consumer_offsets-2 -> (Leader:0,ISR:0,LeaderEpoch:0,ControllerEpoch:1),__consumer_offsets-13 -> (Leader:0,ISR:0,LeaderEpoch:0,ControllerEpoch:1),__consumer_offsets-24 -> (Leader:0,ISR:0,LeaderEpoch:0,ControllerEpoch:1),__consumer_offsets-35 -> (Leader:0,ISR:0,LeaderEpoch:0,ControllerEpoch:1),__consumer_offsets-46 -> (Leader:0,ISR:0,LeaderEpoch:0,ControllerEpoch:1),__consumer_offsets-5 -> (Leader:0,ISR:0,LeaderEpoch:0,ControllerEpoch:1),__consumer_offsets-43 -> (Leader:0,ISR:0,LeaderEpoch:0,ControllerEpoch:1),__consumer_offsets-32 -> (Leader:0,ISR:0,LeaderEpoch:0,ControllerEpoch:1),__consumer_offsets-21 -> (Leader:0,ISR:0,LeaderEpoch:0,ControllerEpoch:1),__consumer_offsets-10 -> (Leader:0,ISR:0,LeaderEpoch:0,ControllerEpoch:1),__consumer_offsets-37 -> (Leader:0,ISR:0,LeaderEpoch:0,ControllerEpoch:1),__consumer_offsets-48 -> (Leader:0,ISR:0,LeaderEpoch:0,ControllerEpoch:1),__consumer_offsets-40 -> (Leader:0,ISR:0,LeaderEpoch:0,ControllerEpoch:1),__consumer_offsets-29 -> (Leader:0,ISR:0,LeaderEpoch:0,ControllerEpoch:1),__consumer_offsets-18 -> (Leader:0,ISR:0,LeaderEpoch:0,ControllerEpoch:1),__consumer_offsets-7 -> (Leader:0,ISR:0,LeaderEpoch:0,ControllerEpoch:1),__consumer_offsets-34 -> (Leader:0,ISR:0,LeaderEpoch:0,ControllerEpoch:1),__consumer_offsets-45 -> (Leader:0,ISR:0,LeaderEpoch:0,ControllerEpoch:1),__consumer_offsets-23 -> (Leader:0,ISR:0,LeaderEpoch:0,ControllerEpoch:1),__consumer_offsets-26 -> (Leader:0,ISR:0,LeaderEpoch:0,ControllerEpoch:1),__consumer_offsets-15 -> (Leader:0,ISR:0,LeaderEpoch:0,ControllerEpoch:1),__consumer_offsets-4 -> (Leader:0,ISR:0,LeaderEpoch:0,ControllerEpoch:1),__consumer_offsets-42 -> (Leader:0,ISR:0,LeaderEpoch:0,ControllerEpoch:1),__consumer_offsets-20 -> (Leader:0,ISR:0,LeaderEpoch:0,ControllerEpoch:1),__consumer_offsets-31 -> (Leader:0,ISR:0,LeaderEpoch:0,ControllerEpoch:1),__consumer_offsets-9 -> (Leader:0,ISR:0,LeaderEpoch:0,ControllerEpoch:1),__consumer_offsets-1 -> (Leader:0,ISR:0,LeaderEpoch:0,ControllerEpoch:1),__consumer_offsets-12 -> (Leader:0,ISR:0,LeaderEpoch:0,ControllerEpoch:1),__consumer_offsets-17 -> (Leader:0,ISR:0,LeaderEpoch:0,ControllerEpoch:1),__consumer_offsets-28 -> (Leader:0,ISR:0,LeaderEpoch:0,ControllerEpoch:1),__consumer_offsets-6 -> (Leader:0,ISR:0,LeaderEpoch:0,ControllerEpoch:1),__consumer_offsets-39 -> (Leader:0,ISR:0,LeaderEpoch:0,ControllerEpoch:1),__consumer_offsets-44 -> (Leader:0,ISR:0,LeaderEpoch:0,ControllerEpoch:1),TestTopicPRO-0 -> (Leader:0,ISR:0,LeaderEpoch:0,ControllerEpoch:1),__consumer_offsets-36 -> (Leader:0,ISR:0,LeaderEpoch:0,ControllerEpoch:1),__consumer_offsets-47 -> (Leader:0,ISR:0,LeaderEpoch:0,ControllerEpoch:1),TestTopic-0 -> (Leader:0,ISR:0,LeaderEpoch:0,ControllerEpoch:1),__consumer_offsets-14 -> (Leader:0,ISR:0,LeaderEpoch:0,ControllerEpoch:1),__consumer_offsets-3 -> (Leader:0,ISR:0,LeaderEpoch:0,ControllerEpoch:1),__consumer_offsets-25 -> (Leader:0,ISR:0,LeaderEpoch:0,ControllerEpoch:1),__consumer_offsets-41 -> (Leader:0,ISR:0,LeaderEpoch:0,ControllerEpoch:1),__consumer_offsets-30 -> (Leader:0,ISR:0,LeaderEpoch:0,ControllerEpoch:1),__consumer_offsets-11 -> (Leader:0,ISR:0,LeaderEpoch:0,ControllerEpoch:1),__consumer_offsets-33 -> (Leader:0,ISR:0,LeaderEpoch:0,ControllerEpoch:1),__consumer_offsets-22 -> (Leader:0,ISR:0,LeaderEpoch:0,ControllerEpoch:1),__consumer_offsets-0 -> (Leader:0,ISR:0,LeaderEpoch:0,ControllerEpoch:1) (kafka.controller.KafkaController)
[2021-03-01 14:02:22,248] INFO [ControllerEventThread controllerId=0] Shutting down (kafka.controller.ControllerEventManager$ControllerEventThread)
[2021-03-01 14:02:22,248] INFO [ControllerEventThread controllerId=0] Stopped (kafka.controller.ControllerEventManager$ControllerEventThread)
[2021-03-01 14:02:22,248] INFO [ControllerEventThread controllerId=0] Shutdown completed (kafka.controller.ControllerEventManager$ControllerEventThread)
[2021-03-01 14:02:22,249] DEBUG [Controller id=0] Resigning (kafka.controller.KafkaController)
[2021-03-01 14:02:22,249] DEBUG [Controller id=0] Unregister BrokerModifications handler for Set(0) (kafka.controller.KafkaController)
[2021-03-01 14:02:22,250] INFO [PartitionStateMachine controllerId=0] Stopped partition state machine (kafka.controller.ZkPartitionStateMachine)
[2021-03-01 14:02:22,250] INFO [ReplicaStateMachine controllerId=0] Stopped replica state machine (kafka.controller.ZkReplicaStateMachine)
[2021-03-01 14:02:22,250] INFO [RequestSendThread controllerId=0] Shutting down (kafka.controller.RequestSendThread)
[2021-03-01 14:02:22,250] INFO [RequestSendThread controllerId=0] Stopped (kafka.controller.RequestSendThread)
[2021-03-01 14:02:22,250] INFO [RequestSendThread controllerId=0] Shutdown completed (kafka.controller.RequestSendThread)
[2021-03-01 14:02:22,252] INFO [Controller id=0] Resigned (kafka.controller.KafkaController)
[2021-03-01 14:19:46,830] DEBUG preRegister called. Server=com.sun.jmx.mbeanserver.JmxMBeanServer@66d3c617, name=log4j:logger=kafka.controller (kafka.controller)
[2021-03-01 14:34:48,297] DEBUG preRegister called. Server=com.sun.jmx.mbeanserver.JmxMBeanServer@66d3c617, name=log4j:logger=kafka.controller (kafka.controller)
[2021-03-01 14:35:14,530] INFO [ControllerEventThread controllerId=0] Starting (kafka.controller.ControllerEventManager$ControllerEventThread)
[2021-03-01 14:35:14,578] INFO [Controller id=0] 0 successfully elected as the controller. Epoch incremented to 8 and epoch zk version is now 8 (kafka.controller.KafkaController)
[2021-03-01 14:35:14,580] INFO [Controller id=0] Registering handlers (kafka.controller.KafkaController)
[2021-03-01 14:35:14,589] INFO [Controller id=0] Deleting log dir event notifications (kafka.controller.KafkaController)
[2021-03-01 14:35:14,592] INFO [Controller id=0] Deleting isr change notifications (kafka.controller.KafkaController)
[2021-03-01 14:35:14,595] INFO [Controller id=0] Initializing controller context (kafka.controller.KafkaController)
[2021-03-01 14:35:14,605] INFO [Controller id=0] Initialized broker epochs cache: Map(0 -> 269) (kafka.controller.KafkaController)
[2021-03-01 14:35:14,622] DEBUG [Controller id=0] Register BrokerModifications handler for Set(0) (kafka.controller.KafkaController)
[2021-03-01 14:35:14,671] DEBUG [Channel manager on controller 0]: Controller 0 trying to connect to broker 0 (kafka.controller.ControllerChannelManager)
[2021-03-01 14:35:14,678] INFO [RequestSendThread controllerId=0] Starting (kafka.controller.RequestSendThread)
[2021-03-01 14:35:14,678] INFO [Controller id=0] Currently active brokers in the cluster: Set(0) (kafka.controller.KafkaController)
[2021-03-01 14:35:14,679] INFO [Controller id=0] Currently shutting brokers in the cluster: Set() (kafka.controller.KafkaController)
[2021-03-01 14:35:14,679] INFO [Controller id=0] Current list of topics in the cluster: Set(__consumer_offsets, TestTopicPRO, java_in_use_topic, TestTopic) (kafka.controller.KafkaController)
[2021-03-01 14:35:14,679] INFO [Controller id=0] Fetching topic deletions in progress (kafka.controller.KafkaController)
[2021-03-01 14:35:14,689] INFO [Controller id=0] List of topics to be deleted:  (kafka.controller.KafkaController)
[2021-03-01 14:35:14,690] INFO [Controller id=0] List of topics ineligible for deletion:  (kafka.controller.KafkaController)
[2021-03-01 14:35:14,690] INFO [Controller id=0] Initializing topic deletion manager (kafka.controller.KafkaController)
[2021-03-01 14:35:14,690] INFO [Topic Deletion Manager 0] Initializing manager with initial deletions: Set(), initial ineligible deletions: Set() (kafka.controller.TopicDeletionManager)
[2021-03-01 14:35:14,691] INFO [Controller id=0] Sending update metadata request (kafka.controller.KafkaController)
[2021-03-01 14:35:14,707] INFO [ReplicaStateMachine controllerId=0] Initializing replica state (kafka.controller.ZkReplicaStateMachine)
[2021-03-01 14:35:14,720] INFO [ReplicaStateMachine controllerId=0] Triggering online replica state changes (kafka.controller.ZkReplicaStateMachine)
[2021-03-01 14:35:14,721] INFO [RequestSendThread controllerId=0] Controller 0 connected to LTIN123284.mshome.net:9092 (id: 0 rack: null) for sending state change requests (kafka.controller.RequestSendThread)
[2021-03-01 14:35:14,771] INFO [ReplicaStateMachine controllerId=0] Triggering offline replica state changes (kafka.controller.ZkReplicaStateMachine)
[2021-03-01 14:35:14,772] DEBUG [ReplicaStateMachine controllerId=0] Started replica state machine with initial state -> Map([Topic=__consumer_offsets,Partition=21,Replica=0] -> OnlineReplica, [Topic=__consumer_offsets,Partition=42,Replica=0] -> OnlineReplica, [Topic=__consumer_offsets,Partition=46,Replica=0] -> OnlineReplica, [Topic=TestTopicPRO,Partition=0,Replica=0] -> OnlineReplica, [Topic=__consumer_offsets,Partition=39,Replica=0] -> OnlineReplica, [Topic=__consumer_offsets,Partition=7,Replica=0] -> OnlineReplica, [Topic=__consumer_offsets,Partition=13,Replica=0] -> OnlineReplica, [Topic=__consumer_offsets,Partition=49,Replica=0] -> OnlineReplica, [Topic=__consumer_offsets,Partition=48,Replica=0] -> OnlineReplica, [Topic=__consumer_offsets,Partition=15,Replica=0] -> OnlineReplica, [Topic=__consumer_offsets,Partition=38,Replica=0] -> OnlineReplica, [Topic=__consumer_offsets,Partition=2,Replica=0] -> OnlineReplica, [Topic=__consumer_offsets,Partition=28,Replica=0] -> OnlineReplica, [Topic=__consumer_offsets,Partition=23,Replica=0] -> OnlineReplica, [Topic=java_in_use_topic,Partition=0,Replica=0] -> OnlineReplica, [Topic=__consumer_offsets,Partition=32,Replica=0] -> OnlineReplica, [Topic=__consumer_offsets,Partition=10,Replica=0] -> OnlineReplica, [Topic=__consumer_offsets,Partition=18,Replica=0] -> OnlineReplica, [Topic=__consumer_offsets,Partition=33,Replica=0] -> OnlineReplica, [Topic=__consumer_offsets,Partition=5,Replica=0] -> OnlineReplica, [Topic=__consumer_offsets,Partition=17,Replica=0] -> OnlineReplica, [Topic=__consumer_offsets,Partition=8,Replica=0] -> OnlineReplica, [Topic=__consumer_offsets,Partition=19,Replica=0] -> OnlineReplica, [Topic=__consumer_offsets,Partition=37,Replica=0] -> OnlineReplica, [Topic=__consumer_offsets,Partition=43,Replica=0] -> OnlineReplica, [Topic=TestTopic,Partition=0,Replica=0] -> OnlineReplica, [Topic=__consumer_offsets,Partition=6,Replica=0] -> OnlineReplica, [Topic=__consumer_offsets,Partition=9,Replica=0] -> OnlineReplica, [Topic=__consumer_offsets,Partition=3,Replica=0] -> OnlineReplica, [Topic=__consumer_offsets,Partition=30,Replica=0] -> OnlineReplica, [Topic=__consumer_offsets,Partition=25,Replica=0] -> OnlineReplica, [Topic=__consumer_offsets,Partition=47,Replica=0] -> OnlineReplica, [Topic=__consumer_offsets,Partition=36,Replica=0] -> OnlineReplica, [Topic=__consumer_offsets,Partition=11,Replica=0] -> OnlineReplica, [Topic=__consumer_offsets,Partition=34,Replica=0] -> OnlineReplica, [Topic=__consumer_offsets,Partition=27,Replica=0] -> OnlineReplica, [Topic=__consumer_offsets,Partition=12,Replica=0] -> OnlineReplica, [Topic=__consumer_offsets,Partition=44,Replica=0] -> OnlineReplica, [Topic=__consumer_offsets,Partition=1,Replica=0] -> OnlineReplica, [Topic=__consumer_offsets,Partition=45,Replica=0] -> OnlineReplica, [Topic=__consumer_offsets,Partition=24,Replica=0] -> OnlineReplica, [Topic=__consumer_offsets,Partition=22,Replica=0] -> OnlineReplica, [Topic=__consumer_offsets,Partition=0,Replica=0] -> OnlineReplica, [Topic=__consumer_offsets,Partition=31,Replica=0] -> OnlineReplica, [Topic=__consumer_offsets,Partition=14,Replica=0] -> OnlineReplica, [Topic=__consumer_offsets,Partition=40,Replica=0] -> OnlineReplica, [Topic=__consumer_offsets,Partition=4,Replica=0] -> OnlineReplica, [Topic=__consumer_offsets,Partition=20,Replica=0] -> OnlineReplica, [Topic=__consumer_offsets,Partition=41,Replica=0] -> OnlineReplica, [Topic=__consumer_offsets,Partition=26,Replica=0] -> OnlineReplica, [Topic=__consumer_offsets,Partition=29,Replica=0] -> OnlineReplica, [Topic=__consumer_offsets,Partition=16,Replica=0] -> OnlineReplica, [Topic=__consumer_offsets,Partition=35,Replica=0] -> OnlineReplica) (kafka.controller.ZkReplicaStateMachine)
[2021-03-01 14:35:14,773] INFO [PartitionStateMachine controllerId=0] Initializing partition state (kafka.controller.ZkPartitionStateMachine)
[2021-03-01 14:35:14,778] INFO [PartitionStateMachine controllerId=0] Triggering online partition state changes (kafka.controller.ZkPartitionStateMachine)
[2021-03-01 14:35:14,783] DEBUG [PartitionStateMachine controllerId=0] Started partition state machine with initial state -> Map(__consumer_offsets-49 -> OnlinePartition, __consumer_offsets-38 -> OnlinePartition, __consumer_offsets-16 -> OnlinePartition, __consumer_offsets-27 -> OnlinePartition, java_in_use_topic-0 -> OnlinePartition, __consumer_offsets-8 -> OnlinePartition, __consumer_offsets-19 -> OnlinePartition, __consumer_offsets-13 -> OnlinePartition, __consumer_offsets-2 -> OnlinePartition, __consumer_offsets-46 -> OnlinePartition, __consumer_offsets-35 -> OnlinePartition, __consumer_offsets-24 -> OnlinePartition, __consumer_offsets-5 -> OnlinePartition, __consumer_offsets-43 -> OnlinePartition, __consumer_offsets-32 -> OnlinePartition, __consumer_offsets-21 -> OnlinePartition, __consumer_offsets-10 -> OnlinePartition, __consumer_offsets-37 -> OnlinePartition, __consumer_offsets-48 -> OnlinePartition, __consumer_offsets-40 -> OnlinePartition, __consumer_offsets-18 -> OnlinePartition, __consumer_offsets-29 -> OnlinePartition, __consumer_offsets-7 -> OnlinePartition, __consumer_offsets-34 -> OnlinePartition, __consumer_offsets-23 -> OnlinePartition, __consumer_offsets-45 -> OnlinePartition, __consumer_offsets-26 -> OnlinePartition, __consumer_offsets-4 -> OnlinePartition, __consumer_offsets-15 -> OnlinePartition, __consumer_offsets-42 -> OnlinePartition, __consumer_offsets-31 -> OnlinePartition, __consumer_offsets-9 -> OnlinePartition, __consumer_offsets-20 -> OnlinePartition, __consumer_offsets-12 -> OnlinePartition, __consumer_offsets-1 -> OnlinePartition, __consumer_offsets-28 -> OnlinePartition, __consumer_offsets-17 -> OnlinePartition, __consumer_offsets-6 -> OnlinePartition, __consumer_offsets-39 -> OnlinePartition, __consumer_offsets-44 -> OnlinePartition, TestTopicPRO-0 -> OnlinePartition, __consumer_offsets-36 -> OnlinePartition, __consumer_offsets-47 -> OnlinePartition, TestTopic-0 -> OnlinePartition, __consumer_offsets-3 -> OnlinePartition, __consumer_offsets-25 -> OnlinePartition, __consumer_offsets-14 -> OnlinePartition, __consumer_offsets-30 -> OnlinePartition, __consumer_offsets-41 -> OnlinePartition, __consumer_offsets-33 -> OnlinePartition, __consumer_offsets-22 -> OnlinePartition, __consumer_offsets-11 -> OnlinePartition, __consumer_offsets-0 -> OnlinePartition) (kafka.controller.ZkPartitionStateMachine)
[2021-03-01 14:35:14,785] INFO [Controller id=0] Ready to serve as the new controller with epoch 8 (kafka.controller.KafkaController)
[2021-03-01 14:35:14,792] INFO [Controller id=0] Partitions undergoing preferred replica election:  (kafka.controller.KafkaController)
[2021-03-01 14:35:14,793] INFO [Controller id=0] Partitions that completed preferred replica election:  (kafka.controller.KafkaController)
[2021-03-01 14:35:14,793] INFO [Controller id=0] Skipping preferred replica election for partitions due to topic deletion:  (kafka.controller.KafkaController)
[2021-03-01 14:35:14,794] INFO [Controller id=0] Resuming preferred replica election for partitions:  (kafka.controller.KafkaController)
[2021-03-01 14:35:14,796] INFO [Controller id=0] Starting replica leader election (PREFERRED) for partitions  triggered by ZkTriggered (kafka.controller.KafkaController)
[2021-03-01 14:35:14,821] INFO [Controller id=0] Starting the controller scheduler (kafka.controller.KafkaController)
[2021-03-01 14:35:19,824] INFO [Controller id=0] Processing automatic preferred replica leader election (kafka.controller.KafkaController)
[2021-03-01 14:35:19,825] TRACE [Controller id=0] Checking need to trigger auto leader balancing (kafka.controller.KafkaController)
[2021-03-01 14:35:19,832] DEBUG [Controller id=0] Topics not in preferred replica for broker 0 Map() (kafka.controller.KafkaController)
[2021-03-01 14:35:19,834] TRACE [Controller id=0] Leader imbalance ratio for broker 0 is 0.0 (kafka.controller.KafkaController)
[2021-03-01 14:35:58,612] INFO [Controller id=0] New topics: [Set(TestTopic2)], deleted topics: [Set()], new partition replica assignment [Map(TestTopic2-0 -> ReplicaAssignment(replicas=0, addingReplicas=, removingReplicas=))] (kafka.controller.KafkaController)
[2021-03-01 14:35:58,613] INFO [Controller id=0] New partition creation callback for TestTopic2-0 (kafka.controller.KafkaController)
[2021-03-01 14:38:34,177] INFO [Controller id=0] Shutting down broker 0 (kafka.controller.KafkaController)
[2021-03-01 14:38:34,177] DEBUG [Controller id=0] All shutting down brokers: 0 (kafka.controller.KafkaController)
[2021-03-01 14:38:34,178] DEBUG [Controller id=0] Live brokers:  (kafka.controller.KafkaController)
[2021-03-01 14:38:34,181] TRACE [Controller id=0] All leaders = __consumer_offsets-49 -> (Leader:0,ISR:0,LeaderEpoch:0,ControllerEpoch:1),__consumer_offsets-38 -> (Leader:0,ISR:0,LeaderEpoch:0,ControllerEpoch:1),__consumer_offsets-16 -> (Leader:0,ISR:0,LeaderEpoch:0,ControllerEpoch:1),__consumer_offsets-27 -> (Leader:0,ISR:0,LeaderEpoch:0,ControllerEpoch:1),java_in_use_topic-0 -> (Leader:0,ISR:0,LeaderEpoch:0,ControllerEpoch:2),__consumer_offsets-8 -> (Leader:0,ISR:0,LeaderEpoch:0,ControllerEpoch:1),__consumer_offsets-19 -> (Leader:0,ISR:0,LeaderEpoch:0,ControllerEpoch:1),__consumer_offsets-13 -> (Leader:0,ISR:0,LeaderEpoch:0,ControllerEpoch:1),__consumer_offsets-2 -> (Leader:0,ISR:0,LeaderEpoch:0,ControllerEpoch:1),__consumer_offsets-46 -> (Leader:0,ISR:0,LeaderEpoch:0,ControllerEpoch:1),__consumer_offsets-35 -> (Leader:0,ISR:0,LeaderEpoch:0,ControllerEpoch:1),__consumer_offsets-24 -> (Leader:0,ISR:0,LeaderEpoch:0,ControllerEpoch:1),__consumer_offsets-5 -> (Leader:0,ISR:0,LeaderEpoch:0,ControllerEpoch:1),__consumer_offsets-43 -> (Leader:0,ISR:0,LeaderEpoch:0,ControllerEpoch:1),__consumer_offsets-32 -> (Leader:0,ISR:0,LeaderEpoch:0,ControllerEpoch:1),__consumer_offsets-21 -> (Leader:0,ISR:0,LeaderEpoch:0,ControllerEpoch:1),__consumer_offsets-10 -> (Leader:0,ISR:0,LeaderEpoch:0,ControllerEpoch:1),__consumer_offsets-37 -> (Leader:0,ISR:0,LeaderEpoch:0,ControllerEpoch:1),__consumer_offsets-48 -> (Leader:0,ISR:0,LeaderEpoch:0,ControllerEpoch:1),__consumer_offsets-40 -> (Leader:0,ISR:0,LeaderEpoch:0,ControllerEpoch:1),__consumer_offsets-18 -> (Leader:0,ISR:0,LeaderEpoch:0,ControllerEpoch:1),__consumer_offsets-29 -> (Leader:0,ISR:0,LeaderEpoch:0,ControllerEpoch:1),__consumer_offsets-7 -> (Leader:0,ISR:0,LeaderEpoch:0,ControllerEpoch:1),__consumer_offsets-34 -> (Leader:0,ISR:0,LeaderEpoch:0,ControllerEpoch:1),__consumer_offsets-23 -> (Leader:0,ISR:0,LeaderEpoch:0,ControllerEpoch:1),__consumer_offsets-45 -> (Leader:0,ISR:0,LeaderEpoch:0,ControllerEpoch:1),__consumer_offsets-26 -> (Leader:0,ISR:0,LeaderEpoch:0,ControllerEpoch:1),__consumer_offsets-4 -> (Leader:0,ISR:0,LeaderEpoch:0,ControllerEpoch:1),__consumer_offsets-15 -> (Leader:0,ISR:0,LeaderEpoch:0,ControllerEpoch:1),__consumer_offsets-42 -> (Leader:0,ISR:0,LeaderEpoch:0,ControllerEpoch:1),__consumer_offsets-31 -> (Leader:0,ISR:0,LeaderEpoch:0,ControllerEpoch:1),__consumer_offsets-9 -> (Leader:0,ISR:0,LeaderEpoch:0,ControllerEpoch:1),__consumer_offsets-20 -> (Leader:0,ISR:0,LeaderEpoch:0,ControllerEpoch:1),__consumer_offsets-12 -> (Leader:0,ISR:0,LeaderEpoch:0,ControllerEpoch:1),__consumer_offsets-1 -> (Leader:0,ISR:0,LeaderEpoch:0,ControllerEpoch:1),TestTopic2-0 -> (Leader:0,ISR:0,LeaderEpoch:0,ControllerEpoch:8),__consumer_offsets-28 -> (Leader:0,ISR:0,LeaderEpoch:0,ControllerEpoch:1),__consumer_offsets-17 -> (Leader:0,ISR:0,LeaderEpoch:0,ControllerEpoch:1),__consumer_offsets-6 -> (Leader:0,ISR:0,LeaderEpoch:0,ControllerEpoch:1),__consumer_offsets-39 -> (Leader:0,ISR:0,LeaderEpoch:0,ControllerEpoch:1),__consumer_offsets-44 -> (Leader:0,ISR:0,LeaderEpoch:0,ControllerEpoch:1),TestTopicPRO-0 -> (Leader:0,ISR:0,LeaderEpoch:0,ControllerEpoch:1),__consumer_offsets-36 -> (Leader:0,ISR:0,LeaderEpoch:0,ControllerEpoch:1),__consumer_offsets-47 -> (Leader:0,ISR:0,LeaderEpoch:0,ControllerEpoch:1),TestTopic-0 -> (Leader:0,ISR:0,LeaderEpoch:0,ControllerEpoch:1),__consumer_offsets-3 -> (Leader:0,ISR:0,LeaderEpoch:0,ControllerEpoch:1),__consumer_offsets-25 -> (Leader:0,ISR:0,LeaderEpoch:0,ControllerEpoch:1),__consumer_offsets-14 -> (Leader:0,ISR:0,LeaderEpoch:0,ControllerEpoch:1),__consumer_offsets-30 -> (Leader:0,ISR:0,LeaderEpoch:0,ControllerEpoch:1),__consumer_offsets-41 -> (Leader:0,ISR:0,LeaderEpoch:0,ControllerEpoch:1),__consumer_offsets-33 -> (Leader:0,ISR:0,LeaderEpoch:0,ControllerEpoch:1),__consumer_offsets-22 -> (Leader:0,ISR:0,LeaderEpoch:0,ControllerEpoch:1),__consumer_offsets-11 -> (Leader:0,ISR:0,LeaderEpoch:0,ControllerEpoch:1),__consumer_offsets-0 -> (Leader:0,ISR:0,LeaderEpoch:0,ControllerEpoch:1) (kafka.controller.KafkaController)
[2021-03-01 14:38:35,498] INFO [ControllerEventThread controllerId=0] Shutting down (kafka.controller.ControllerEventManager$ControllerEventThread)
[2021-03-01 14:38:35,498] INFO [ControllerEventThread controllerId=0] Stopped (kafka.controller.ControllerEventManager$ControllerEventThread)
[2021-03-01 14:38:35,498] INFO [ControllerEventThread controllerId=0] Shutdown completed (kafka.controller.ControllerEventManager$ControllerEventThread)
[2021-03-01 14:38:35,499] DEBUG [Controller id=0] Resigning (kafka.controller.KafkaController)
[2021-03-01 14:38:35,500] DEBUG [Controller id=0] Unregister BrokerModifications handler for Set(0) (kafka.controller.KafkaController)
[2021-03-01 14:38:35,501] INFO [PartitionStateMachine controllerId=0] Stopped partition state machine (kafka.controller.ZkPartitionStateMachine)
[2021-03-01 14:38:35,501] INFO [ReplicaStateMachine controllerId=0] Stopped replica state machine (kafka.controller.ZkReplicaStateMachine)
[2021-03-01 14:38:35,502] INFO [RequestSendThread controllerId=0] Shutting down (kafka.controller.RequestSendThread)
[2021-03-01 14:38:35,502] INFO [RequestSendThread controllerId=0] Stopped (kafka.controller.RequestSendThread)
[2021-03-01 14:38:35,502] INFO [RequestSendThread controllerId=0] Shutdown completed (kafka.controller.RequestSendThread)
[2021-03-01 14:38:35,503] INFO [Controller id=0] Resigned (kafka.controller.KafkaController)
