[2021-02-25 00:36:48,477] INFO Starting the log cleaner (kafka.log.LogCleaner)
[2021-02-25 00:36:48,545] INFO [kafka-log-cleaner-thread-0]: Starting (kafka.log.LogCleaner)
[2021-02-25 01:39:45,924] INFO Shutting down the log cleaner. (kafka.log.LogCleaner)
[2021-02-25 01:39:45,928] INFO [kafka-log-cleaner-thread-0]: Shutting down (kafka.log.LogCleaner)
[2021-02-25 01:39:45,928] INFO [kafka-log-cleaner-thread-0]: Stopped (kafka.log.LogCleaner)
[2021-02-25 01:39:45,928] INFO [kafka-log-cleaner-thread-0]: Shutdown completed (kafka.log.LogCleaner)
[2021-02-26 00:39:45,975] INFO Starting the log cleaner (kafka.log.LogCleaner)
[2021-02-26 00:39:46,057] INFO [kafka-log-cleaner-thread-0]: Starting (kafka.log.LogCleaner)
[2021-02-26 02:55:50,918] INFO Shutting down the log cleaner. (kafka.log.LogCleaner)
[2021-02-26 02:55:50,924] INFO [kafka-log-cleaner-thread-0]: Shutting down (kafka.log.LogCleaner)
[2021-02-26 02:55:50,924] INFO [kafka-log-cleaner-thread-0]: Stopped (kafka.log.LogCleaner)
[2021-02-26 02:55:50,924] INFO [kafka-log-cleaner-thread-0]: Shutdown completed (kafka.log.LogCleaner)
[2021-02-26 13:31:20,639] INFO Starting the log cleaner (kafka.log.LogCleaner)
[2021-02-26 13:31:20,717] INFO [kafka-log-cleaner-thread-0]: Starting (kafka.log.LogCleaner)
[2021-02-26 14:38:17,861] INFO Shutting down the log cleaner. (kafka.log.LogCleaner)
[2021-02-26 14:38:17,866] INFO [kafka-log-cleaner-thread-0]: Shutting down (kafka.log.LogCleaner)
[2021-02-26 14:38:17,867] INFO [kafka-log-cleaner-thread-0]: Stopped (kafka.log.LogCleaner)
[2021-02-26 14:38:17,867] INFO [kafka-log-cleaner-thread-0]: Shutdown completed (kafka.log.LogCleaner)
[2021-03-01 00:53:19,983] INFO Starting the log cleaner (kafka.log.LogCleaner)
[2021-03-01 00:53:20,050] INFO [kafka-log-cleaner-thread-0]: Starting (kafka.log.LogCleaner)
[2021-03-01 00:57:31,402] INFO Shutting down the log cleaner. (kafka.log.LogCleaner)
[2021-03-01 00:57:31,402] INFO [kafka-log-cleaner-thread-0]: Shutting down (kafka.log.LogCleaner)
[2021-03-01 00:57:31,403] INFO [kafka-log-cleaner-thread-0]: Stopped (kafka.log.LogCleaner)
[2021-03-01 00:57:31,403] INFO [kafka-log-cleaner-thread-0]: Shutdown completed (kafka.log.LogCleaner)
[2021-03-01 12:14:17,478] INFO Starting the log cleaner (kafka.log.LogCleaner)
[2021-03-01 12:14:17,552] INFO [kafka-log-cleaner-thread-0]: Starting (kafka.log.LogCleaner)
[2021-03-01 14:02:21,806] INFO Shutting down the log cleaner. (kafka.log.LogCleaner)
[2021-03-01 14:02:21,811] INFO [kafka-log-cleaner-thread-0]: Shutting down (kafka.log.LogCleaner)
[2021-03-01 14:02:21,812] INFO [kafka-log-cleaner-thread-0]: Stopped (kafka.log.LogCleaner)
[2021-03-01 14:02:21,812] INFO [kafka-log-cleaner-thread-0]: Shutdown completed (kafka.log.LogCleaner)
[2021-03-01 14:35:13,610] INFO Starting the log cleaner (kafka.log.LogCleaner)
[2021-03-01 14:35:13,688] INFO [kafka-log-cleaner-thread-0]: Starting (kafka.log.LogCleaner)
[2021-03-01 14:38:35,024] INFO Shutting down the log cleaner. (kafka.log.LogCleaner)
[2021-03-01 14:38:35,024] INFO [kafka-log-cleaner-thread-0]: Shutting down (kafka.log.LogCleaner)
[2021-03-01 14:38:35,025] INFO [kafka-log-cleaner-thread-0]: Stopped (kafka.log.LogCleaner)
[2021-03-01 14:38:35,025] INFO [kafka-log-cleaner-thread-0]: Shutdown completed (kafka.log.LogCleaner)
